Vivado Simulator 2019.2
Copyright 1986-1999, 2001-2019 Xilinx, Inc. All Rights Reserved.
Running: D:/Xilinx/Vivado/2019.2/bin/unwrapped/win64.o/xelab.exe -wto eb5a83cf7bbb4a7b803f09c4c288d432 --incr --debug typical --relax --mt 2 -L xil_defaultlib -L unisims_ver -L unimacro_ver -L secureip --snapshot cpu_sim_behav xil_defaultlib.cpu_sim xil_defaultlib.glbl -log elaborate.log 
Using 2 slave threads.
Starting static elaboration
Pass Through NonSizing Optimizer
Completed static elaboration
Starting simulation data flow analysis
Completed simulation data flow analysis
Time Resolution for simulation is 1ps
Compiling module xil_defaultlib.pc
Compiling module xil_defaultlib.ins_ram
Compiling module xil_defaultlib.acc
Compiling module xil_defaultlib.alu
Compiling module xil_defaultlib.data_ram
Compiling module xil_defaultlib.cu
Compiling module xil_defaultlib.cpu
Compiling module xil_defaultlib.cpu_sim
Compiling module xil_defaultlib.glbl
Built simulation snapshot cpu_sim_behav
